Command: mooo
ExitCode: 127
Timestamp: 2025-07-09T15:37:58-04:00

STDOUT:


STDERR:
bash: mooo: command not found


SUGGESTION:
The error message `bash: mooo: command not found` indicates that the command `mooo` is not recognized by the shell. Here are a few practical fixes you can try:

1. **Check Spelling**: Ensure that you typed the command correctly. It’s possible there’s a typo.

2. **Install the Command**: If `mooo` is a program you intended to run, it may need to be installed. You can search for the appropriate package to install. For example, if you're on a Debian-based system, you can use:
   ```
   sudo apt update
   sudo apt install <package-name>
   ```
   Replace `<package-name>` with the actual name of the package that contains the `mooo` command.

3. **Check PATH Environment Variable**: The command you want to run might not be in your system's PATH. You can check your current PATH with:
   ```
   echo $PATH
   ```
   If the directory containing
